rm: cannot remove 'reads1.fastq.gz': No such file or directory
rm: cannot remove 'reads2.fastq.gz': No such file or directory
Left read files: $VAR1 = [
          'reads1.fastq.gz'
        ];
Right read files: $VAR1 = [
          'reads2.fastq.gz'
        ];
Trinity version: Trinity-v2.4.0
-currently using the latest production release of Trinity.

Thursday, May 4, 2017: 08:58:32	CMD: java -Xmx64m -XX:ParallelGCThreads=2 -jar /bigdata/bioinfo/pkgadmin/opt/linux/centos/7.x/x86_64/pkgs/trinity-rnaseq/2.4.0/util/support_scripts/ExitTester.jar 0
Thursday, May 4, 2017: 08:58:32	CMD: java -Xmx64m -XX:ParallelGCThreads=2 -jar /bigdata/bioinfo/pkgadmin/opt/linux/centos/7.x/x86_64/pkgs/trinity-rnaseq/2.4.0/util/support_scripts/ExitTester.jar 1
Thursday, May 4, 2017: 08:58:32	CMD: mkdir -p /rhome/arajewski/shared/genetree/trinity_output_salpiglossis
Thursday, May 4, 2017: 08:58:32	CMD: mkdir -p /rhome/arajewski/shared/genetree/trinity_output_salpiglossis/chrysalis


----------------------------------------------------------------------------------
-------------- Trinity Phase 1: Clustering of RNA-Seq Reads  ---------------------
----------------------------------------------------------------------------------

---------------------------------------------------------------
------ Quality Trimming Via Trimmomatic  ---------------------
<< ILLUMINACLIP:/bigdata/bioinfo/pkgadmin/opt/linux/centos/7.x/x86_64/pkgs/trinity-rnaseq/2.4.0/trinity-plugins/Trimmomatic/adapters/TruSeq3-PE.fa:2:30:10 SLIDINGWINDOW:4:5 LEADING:5 TRAILING:5 MINLEN:25 >>
---------------------------------------------------------------


## Running Trimmomatic on read files: /bigdata/littlab/shared/genetree/analysis/reads1.fastq.gz, /bigdata/littlab/shared/genetree/analysis/reads2.fastq.gz
Thursday, May 4, 2017: 08:58:32	CMD: java -jar /bigdata/bioinfo/pkgadmin/opt/linux/centos/7.x/x86_64/pkgs/trinity-rnaseq/2.4.0/trinity-plugins/Trimmomatic/trimmomatic.jar PE -threads 16 -phred33  /bigdata/littlab/shared/genetree/analysis/reads1.fastq.gz /bigdata/littlab/shared/genetree/analysis/reads2.fastq.gz  reads1.fastq.gz.P.qtrim reads1.fastq.gz.U.qtrim  reads2.fastq.gz.P.qtrim reads2.fastq.gz.U.qtrim  ILLUMINACLIP:/bigdata/bioinfo/pkgadmin/opt/linux/centos/7.x/x86_64/pkgs/trinity-rnaseq/2.4.0/trinity-plugins/Trimmomatic/adapters/TruSeq3-PE.fa:2:30:10 SLIDINGWINDOW:4:5 LEADING:5 TRAILING:5 MINLEN:25 
TrimmomaticPE: Started with arguments:
 -threads 16 -phred33 /bigdata/littlab/shared/genetree/analysis/reads1.fastq.gz /bigdata/littlab/shared/genetree/analysis/reads2.fastq.gz reads1.fastq.gz.P.qtrim reads1.fastq.gz.U.qtrim reads2.fastq.gz.P.qtrim reads2.fastq.gz.U.qtrim ILLUMINACLIP:/bigdata/bioinfo/pkgadmin/opt/linux/centos/7.x/x86_64/pkgs/trinity-rnaseq/2.4.0/trinity-plugins/Trimmomatic/adapters/TruSeq3-PE.fa:2:30:10 SLIDINGWINDOW:4:5 LEADING:5 TRAILING:5 MINLEN:25
Using PrefixPair: 'TACACTCTTTCCCTACACGACGCTCTTCCGATCT' and 'GTGACTGGAGTTCAGACGTGTGCTCTTCCGATCT'
ILLUMINACLIP: Using 1 prefix pairs, 0 forward/reverse sequences, 0 forward only sequences, 0 reverse only sequences
Input Read Pairs: 29431313 Both Surviving: 29173065 (99.12%) Forward Only Surviving: 43901 (0.15%) Reverse Only Surviving: 213206 (0.72%) Dropped: 1141 (0.00%)
TrimmomaticPE: Completed successfully
Thursday, May 4, 2017: 08:59:39	CMD: cp reads1.fastq.gz.P.qtrim reads1.fastq.gz.PwU.qtrim.fq
Thursday, May 4, 2017: 08:59:44	CMD: cp reads2.fastq.gz.P.qtrim reads2.fastq.gz.PwU.qtrim.fq
Thursday, May 4, 2017: 08:59:49	CMD: touch trimmomatic.ok
Thursday, May 4, 2017: 08:59:49	CMD: gzip reads1.fastq.gz.P.qtrim reads1.fastq.gz.U.qtrim reads2.fastq.gz.P.qtrim reads2.fastq.gz.U.qtrim &
---------------------------------------------------------------
------------ In silico Read Normalization ---------------------
-- (Removing Excess Reads Beyond 50 Coverage --
---------------------------------------------------------------

# running normalization on reads: $VAR1 = [
          [
            'reads1.fastq.gz.PwU.qtrim.fq'
          ],
          [
            'reads2.fastq.gz.PwU.qtrim.fq'
          ]
        ];


Thursday, May 4, 2017: 08:59:49	CMD: /bigdata/bioinfo/pkgadmin/opt/linux/centos/7.x/x86_64/pkgs/trinity-rnaseq/2.4.0/util/insilico_read_normalization.pl --seqType fq --JM 320G  --max_cov 50 --CPU 16 --output /bigdata/littlab/shared/genetree/trinity_output_salpiglossis/insilico_read_normalization   --max_pct_stdev 10000  --SS_lib_type RF  --left reads1.fastq.gz.PwU.qtrim.fq --right reads2.fastq.gz.PwU.qtrim.fq --pairs_together --PARALLEL_STATS  
Converting input files. (both directions in parallel)CMD: seqtk-trinity seq -r -A /bigdata/littlab/shared/genetree/trinity_output_salpiglossis/reads1.fastq.gz.PwU.qtrim.fq >> left.fa
CMD: seqtk-trinity seq -A /bigdata/littlab/shared/genetree/trinity_output_salpiglossis/reads2.fastq.gz.PwU.qtrim.fq >> right.fa
CMD finished (16 seconds)
CMD finished (19 seconds)
CMD: touch left.fa.ok
CMD finished (0 seconds)
CMD: touch right.fa.ok
CMD finished (0 seconds)
Done converting input files.CMD: cat left.fa right.fa > both.fa
CMD finished (6 seconds)
CMD: touch both.fa.ok
-------------------------------------------
----------- Jellyfish  --------------------
-- (building a k-mer catalog from reads) --
-------------------------------------------

CMD finished (0 seconds)
CMD: /bigdata/bioinfo/pkgadmin/opt/linux/centos/7.x/x86_64/pkgs/trinity-rnaseq/2.4.0/util/..//trinity-plugins/jellyfish/bin/jellyfish count -t 16 -m 25 -s 48087790022  both.fa
CMD finished (154 seconds)
CMD: /bigdata/bioinfo/pkgadmin/opt/linux/centos/7.x/x86_64/pkgs/trinity-rnaseq/2.4.0/util/..//trinity-plugins/jellyfish/bin/jellyfish histo -t 16 -o jellyfish.K25.min2.kmers.fa.histo mer_counts.jf
CMD finished (10 seconds)
CMD: /bigdata/bioinfo/pkgadmin/opt/linux/centos/7.x/x86_64/pkgs/trinity-rnaseq/2.4.0/util/..//trinity-plugins/jellyfish/bin/jellyfish dump -L 2 mer_counts.jf > jellyfish.K25.min2.kmers.fa
CMD finished (27 seconds)
CMD: touch jellyfish.K25.min2.kmers.fa.success
CMD finished (0 seconds)
CMD: /bigdata/bioinfo/pkgadmin/opt/linux/centos/7.x/x86_64/pkgs/trinity-rnaseq/2.4.0/util/..//Inchworm/bin/fastaToKmerCoverageStats --reads left.fa --kmers jellyfish.K25.min2.kmers.fa --kmer_size 25  --num_threads 16  > left.fa.K25.stats
CMD: /bigdata/bioinfo/pkgadmin/opt/linux/centos/7.x/x86_64/pkgs/trinity-rnaseq/2.4.0/util/..//Inchworm/bin/fastaToKmerCoverageStats --reads right.fa --kmers jellyfish.K25.min2.kmers.fa --kmer_size 25  --num_threads 16  > right.fa.K25.stats
-reading Kmer occurrences...
-reading Kmer occurrences...

 done parsing 72096516 Kmers, 68951611 added, taking 83 seconds.

 done parsing 72096516 Kmers, 68951611 added, taking 124 seconds.
STATS_GENERATION_TIME: 275 seconds.
CMD finished (373 seconds)
STATS_GENERATION_TIME: 266 seconds.
CMD finished (403 seconds)
CMD: touch left.fa.K25.stats.ok
CMD finished (0 seconds)
CMD: touch right.fa.K25.stats.ok
-sorting each stats file by read name.
CMD finished (0 seconds)
CMD: /usr/bin/sort --parallel=16 -k5,5 -T . -S 160G left.fa.K25.stats > left.fa.K25.stats.sort
CMD: /usr/bin/sort --parallel=16 -k5,5 -T . -S 160G right.fa.K25.stats > right.fa.K25.stats.sort
CMD finished (15 seconds)
CMD finished (15 seconds)
CMD: touch left.fa.K25.stats.sort.ok
CMD finished (0 seconds)
CMD: touch right.fa.K25.stats.sort.ok
CMD finished (0 seconds)
CMD: /bigdata/bioinfo/pkgadmin/opt/linux/centos/7.x/x86_64/pkgs/trinity-rnaseq/2.4.0/util/..//util/support_scripts//nbkc_merge_left_right_stats.pl --left left.fa.K25.stats.sort --right right.fa.K25.stats.sort --sorted > pairs.K25.stats
-opening left.fa.K25.stats.sort
-opening right.fa.K25.stats.sort
-done opening files.
CMD finished (175 seconds)
CMD: touch pairs.K25.stats.ok
CMD finished (0 seconds)
CMD: /bigdata/bioinfo/pkgadmin/opt/linux/centos/7.x/x86_64/pkgs/trinity-rnaseq/2.4.0/util/..//util/support_scripts//nbkc_normalize.pl pairs.K25.stats 50 10000 > pairs.K25.stats.C50.pctSD10000.accs
9953325 / 29173065 = 34.12% reads selected during normalization.
0 / 29173065 = 0.00% reads discarded as likely aberrant based on coverage profiles.
0 / 29173065 = 0.00% reads missing kmer coverage (N chars included?).
CMD finished (47 seconds)
CMD: touch pairs.K25.stats.C50.pctSD10000.accs.ok
CMD finished (0 seconds)
CMD: touch /bigdata/littlab/shared/genetree/trinity_output_salpiglossis/insilico_read_normalization/reads1.fastq.gz.PwU.qtrim.fq.normalized_K25_C50_pctSD10000.fq.ok
CMD finished (0 seconds)
CMD: touch /bigdata/littlab/shared/genetree/trinity_output_salpiglossis/insilico_read_normalization/reads2.fastq.gz.PwU.qtrim.fq.normalized_K25_C50_pctSD10000.fq.ok
CMD finished (0 seconds)
CMD: ln -sf /bigdata/littlab/shared/genetree/trinity_output_salpiglossis/insilico_read_normalization/reads1.fastq.gz.PwU.qtrim.fq.normalized_K25_C50_pctSD10000.fq left.norm.fq
CMD finished (0 seconds)
CMD: ln -sf /bigdata/littlab/shared/genetree/trinity_output_salpiglossis/insilico_read_normalization/reads2.fastq.gz.PwU.qtrim.fq.normalized_K25_C50_pctSD10000.fq right.norm.fq
-removing tmp dir /bigdata/littlab/shared/genetree/trinity_output_salpiglossis/insilico_read_normalization/tmp_normalized_reads
CMD finished (0 seconds)


Normalization complete. See outputs: 
	/bigdata/littlab/shared/genetree/trinity_output_salpiglossis/insilico_read_normalization/reads1.fastq.gz.PwU.qtrim.fq.normalized_K25_C50_pctSD10000.fq
	/bigdata/littlab/shared/genetree/trinity_output_salpiglossis/insilico_read_normalization/reads2.fastq.gz.PwU.qtrim.fq.normalized_K25_C50_pctSD10000.fq
Thursday, May 4, 2017: 09:20:20	CMD: touch /bigdata/littlab/shared/genetree/trinity_output_salpiglossis/insilico_read_normalization/normalization.ok
Converting input files. (in parallel)Thursday, May 4, 2017: 09:20:20	CMD: cat /bigdata/littlab/shared/genetree/trinity_output_salpiglossis/insilico_read_normalization/left.norm.fq | seqtk-trinity seq -r -A - >> left.fa
Thursday, May 4, 2017: 09:20:20	CMD: cat /bigdata/littlab/shared/genetree/trinity_output_salpiglossis/insilico_read_normalization/right.norm.fq | seqtk-trinity seq -A - >> right.fa
Thursday, May 4, 2017: 09:20:26	CMD: touch right.fa.ok
Thursday, May 4, 2017: 09:20:26	CMD: touch left.fa.ok
Thursday, May 4, 2017: 09:20:26	CMD: touch left.fa.ok right.fa.ok
Thursday, May 4, 2017: 09:20:26	CMD: cat left.fa right.fa > /bigdata/littlab/shared/genetree/trinity_output_salpiglossis/both.fa
Thursday, May 4, 2017: 09:20:28	CMD: touch /bigdata/littlab/shared/genetree/trinity_output_salpiglossis/both.fa.ok
-------------------------------------------
----------- Jellyfish  --------------------
-- (building a k-mer catalog from reads) --
-------------------------------------------

* Running CMD: /bigdata/bioinfo/pkgadmin/opt/linux/centos/7.x/x86_64/pkgs/trinity-rnaseq/2.4.0/trinity-plugins/jellyfish/bin/jellyfish count -t 16 -m 25 -s 100000000  /bigdata/littlab/shared/genetree/trinity_output_salpiglossis/both.fa
* Running CMD: /bigdata/bioinfo/pkgadmin/opt/linux/centos/7.x/x86_64/pkgs/trinity-rnaseq/2.4.0/trinity-plugins/jellyfish/bin/jellyfish dump -L 1 mer_counts.jf > jellyfish.kmers.fa
* Running CMD: /bigdata/bioinfo/pkgadmin/opt/linux/centos/7.x/x86_64/pkgs/trinity-rnaseq/2.4.0/trinity-plugins/jellyfish/bin/jellyfish histo -t 16 -o jellyfish.kmers.fa.histo mer_counts.jf
----------------------------------------------
--------------- Inchworm ---------------------
-- (Linear contig construction from k-mers) --
----------------------------------------------

* Running CMD: /bigdata/bioinfo/pkgadmin/opt/linux/centos/7.x/x86_64/pkgs/trinity-rnaseq/2.4.0/Inchworm/bin//inchworm --kmers jellyfish.kmers.fa --run_inchworm -K 25 -L 25 --monitor 1   --num_threads 6  --PARALLEL_IWORM  > /bigdata/littlab/shared/genetree/trinity_output_salpiglossis/inchworm.K25.L25.fa.tmp
* Running CMD: mv /bigdata/littlab/shared/genetree/trinity_output_salpiglossis/inchworm.K25.L25.fa.tmp /bigdata/littlab/shared/genetree/trinity_output_salpiglossis/inchworm.K25.L25.fa
Thursday, May 4, 2017: 09:31:33	CMD: touch /bigdata/littlab/shared/genetree/trinity_output_salpiglossis/inchworm.K25.L25.fa.finished
--------------------------------------------------------
-------------------- Chrysalis -------------------------
-- (Contig Clustering & de Bruijn Graph Construction) --
--------------------------------------------------------

inchworm_target: /bigdata/littlab/shared/genetree/trinity_output_salpiglossis/both.fa
bowite_reads_fa: /bigdata/littlab/shared/genetree/trinity_output_salpiglossis/both.fa
chrysalis_reads_fa: /bigdata/littlab/shared/genetree/trinity_output_salpiglossis/both.fa
* Running CMD: /bigdata/bioinfo/pkgadmin/opt/linux/centos/7.x/x86_64/pkgs/trinity-rnaseq/2.4.0/util/support_scripts/filter_iworm_by_min_length_or_cov.pl /bigdata/littlab/shared/genetree/trinity_output_salpiglossis/inchworm.K25.L25.fa 100 10 > /rhome/arajewski/shared/genetree/trinity_output_salpiglossis/chrysalis/inchworm.K25.L25.fa.min100
* Running CMD: bowtie2-build -o 3 /rhome/arajewski/shared/genetree/trinity_output_salpiglossis/chrysalis/inchworm.K25.L25.fa.min100 /rhome/arajewski/shared/genetree/trinity_output_salpiglossis/chrysalis/inchworm.K25.L25.fa.min100 1>/dev/null
* Running CMD: bash -c " set -o pipefail;bowtie2 --local -k 2 --threads 16 -f --score-min G,46,0 -x /rhome/arajewski/shared/genetree/trinity_output_salpiglossis/chrysalis/inchworm.K25.L25.fa.min100 /bigdata/littlab/shared/genetree/trinity_output_salpiglossis/both.fa  | samtools view -@ 16 -F4 -Sb - | samtools sort -m 10737418240 -@ 16 -no - - > /rhome/arajewski/shared/genetree/trinity_output_salpiglossis/chrysalis/iworm.bowtie.nameSorted.bam" 
* Running CMD: /bigdata/bioinfo/pkgadmin/opt/linux/centos/7.x/x86_64/pkgs/trinity-rnaseq/2.4.0/util/support_scripts/scaffold_iworm_contigs.pl /rhome/arajewski/shared/genetree/trinity_output_salpiglossis/chrysalis/iworm.bowtie.nameSorted.bam /bigdata/littlab/shared/genetree/trinity_output_salpiglossis/inchworm.K25.L25.fa > /rhome/arajewski/shared/genetree/trinity_output_salpiglossis/chrysalis/iworm_scaffolds.txt
