Left read files: $VAR1 = [
          '/rhome/arajewski/shared/genetree/sequencing/flowcell608_lane1_pair1_ACAGTG.fastq.gz'
        ];
Right read files: $VAR1 = [
          '/rhome/arajewski/shared/genetree/sequencing/flowcell608_lane1_pair2_ACAGTG.fastq.gz'
        ];
Trinity version: Trinity-v2.4.0
-currently using the latest production release of Trinity.

Paired mode requires bowtie2. Found bowtie2 at: /opt/linux/centos/7.x/x86_64/pkgs/bowtie2/2.2.9/bin/bowtie2

 and bowtie-build at /opt/linux/centos/7.x/x86_64/pkgs/bowtie2/2.2.9/bin/bowtie2-build


-since butterfly will eventually be run, lets test for proper execution of java
Found samtools at: /bigdata/bioinfo/pkgadmin/opt/linux/centos/7.x/x86_64/pkgs/trinity-rnaseq/2.4.0/trinity-plugins/BIN/samtools

#######################################
Running Java Tests
Tuesday, May 2, 2017: 13:43:24	CMD: java -Xmx64m -XX:ParallelGCThreads=2 -jar /bigdata/bioinfo/pkgadmin/opt/linux/centos/7.x/x86_64/pkgs/trinity-rnaseq/2.4.0/util/support_scripts/ExitTester.jar 0
CMD finished (0 seconds)
Tuesday, May 2, 2017: 13:43:24	CMD: java -Xmx64m -XX:ParallelGCThreads=2 -jar /bigdata/bioinfo/pkgadmin/opt/linux/centos/7.x/x86_64/pkgs/trinity-rnaseq/2.4.0/util/support_scripts/ExitTester.jar 1
-we properly captured the java failure status, as needed.  Looking good.
Java tests succeeded.
###################################

Tuesday, May 2, 2017: 13:43:25	CMD: mkdir -p /rhome/arajewski/shared/genetree/trinity_output_fabiana
CMD finished (0 seconds)
Tuesday, May 2, 2017: 13:43:25	CMD: mkdir -p /rhome/arajewski/shared/genetree/trinity_output_fabiana/chrysalis
CMD finished (0 seconds)


----------------------------------------------------------------------------------
-------------- Trinity Phase 1: Clustering of RNA-Seq Reads  ---------------------
----------------------------------------------------------------------------------

---------------------------------------------------------------
------ Quality Trimming Via Trimmomatic  ---------------------
<< ILLUMINACLIP:/bigdata/bioinfo/pkgadmin/opt/linux/centos/7.x/x86_64/pkgs/trinity-rnaseq/2.4.0/trinity-plugins/Trimmomatic/adapters/TruSeq3-PE.fa:2:30:10 SLIDINGWINDOW:4:5 LEADING:5 TRAILING:5 MINLEN:25 >>
---------------------------------------------------------------


## Running Trimmomatic on read files: /rhome/arajewski/shared/genetree/sequencing/flowcell608_lane1_pair1_ACAGTG.fastq.gz, /rhome/arajewski/shared/genetree/sequencing/flowcell608_lane1_pair2_ACAGTG.fastq.gz
-file doesn't yet exist: flowcell608_lane1_pair1_ACAGTG.fastq.gz.PwU.qtrim.fq
Tuesday, May 2, 2017: 13:43:25	CMD: java -jar /bigdata/bioinfo/pkgadmin/opt/linux/centos/7.x/x86_64/pkgs/trinity-rnaseq/2.4.0/trinity-plugins/Trimmomatic/trimmomatic.jar PE -threads 16 -phred33  /rhome/arajewski/shared/genetree/sequencing/flowcell608_lane1_pair1_ACAGTG.fastq.gz /rhome/arajewski/shared/genetree/sequencing/flowcell608_lane1_pair2_ACAGTG.fastq.gz  flowcell608_lane1_pair1_ACAGTG.fastq.gz.P.qtrim flowcell608_lane1_pair1_ACAGTG.fastq.gz.U.qtrim  flowcell608_lane1_pair2_ACAGTG.fastq.gz.P.qtrim flowcell608_lane1_pair2_ACAGTG.fastq.gz.U.qtrim  ILLUMINACLIP:/bigdata/bioinfo/pkgadmin/opt/linux/centos/7.x/x86_64/pkgs/trinity-rnaseq/2.4.0/trinity-plugins/Trimmomatic/adapters/TruSeq3-PE.fa:2:30:10 SLIDINGWINDOW:4:5 LEADING:5 TRAILING:5 MINLEN:25 
TrimmomaticPE: Started with arguments:
 -threads 16 -phred33 /rhome/arajewski/shared/genetree/sequencing/flowcell608_lane1_pair1_ACAGTG.fastq.gz /rhome/arajewski/shared/genetree/sequencing/flowcell608_lane1_pair2_ACAGTG.fastq.gz flowcell608_lane1_pair1_ACAGTG.fastq.gz.P.qtrim flowcell608_lane1_pair1_ACAGTG.fastq.gz.U.qtrim flowcell608_lane1_pair2_ACAGTG.fastq.gz.P.qtrim flowcell608_lane1_pair2_ACAGTG.fastq.gz.U.qtrim ILLUMINACLIP:/bigdata/bioinfo/pkgadmin/opt/linux/centos/7.x/x86_64/pkgs/trinity-rnaseq/2.4.0/trinity-plugins/Trimmomatic/adapters/TruSeq3-PE.fa:2:30:10 SLIDINGWINDOW:4:5 LEADING:5 TRAILING:5 MINLEN:25
Using PrefixPair: 'TACACTCTTTCCCTACACGACGCTCTTCCGATCT' and 'GTGACTGGAGTTCAGACGTGTGCTCTTCCGATCT'
ILLUMINACLIP: Using 1 prefix pairs, 0 forward/reverse sequences, 0 forward only sequences, 0 reverse only sequences
Input Read Pairs: 20805561 Both Surviving: 20661444 (99.31%) Forward Only Surviving: 34575 (0.17%) Reverse Only Surviving: 108792 (0.52%) Dropped: 750 (0.00%)
TrimmomaticPE: Completed successfully
CMD finished (49 seconds)
Tuesday, May 2, 2017: 13:44:14	CMD: cp flowcell608_lane1_pair1_ACAGTG.fastq.gz.P.qtrim flowcell608_lane1_pair1_ACAGTG.fastq.gz.PwU.qtrim.fq
CMD finished (3 seconds)
Tuesday, May 2, 2017: 13:44:17	CMD: cp flowcell608_lane1_pair2_ACAGTG.fastq.gz.P.qtrim flowcell608_lane1_pair2_ACAGTG.fastq.gz.PwU.qtrim.fq
CMD finished (2 seconds)
Tuesday, May 2, 2017: 13:44:19	CMD: touch trimmomatic.ok
CMD finished (0 seconds)
Tuesday, May 2, 2017: 13:44:19	CMD: gzip flowcell608_lane1_pair1_ACAGTG.fastq.gz.P.qtrim flowcell608_lane1_pair1_ACAGTG.fastq.gz.U.qtrim flowcell608_lane1_pair2_ACAGTG.fastq.gz.P.qtrim flowcell608_lane1_pair2_ACAGTG.fastq.gz.U.qtrim &
CMD finished (0 seconds)
---------------------------------------------------------------
------------ In silico Read Normalization ---------------------
-- (Removing Excess Reads Beyond 50 Coverage --
---------------------------------------------------------------

# running normalization on reads: $VAR1 = [
          [
            'flowcell608_lane1_pair1_ACAGTG.fastq.gz.PwU.qtrim.fq'
          ],
          [
            'flowcell608_lane1_pair2_ACAGTG.fastq.gz.PwU.qtrim.fq'
          ]
        ];


-file doesn't yet exist: /bigdata/littlab/shared/genetree/trinity_output_fabiana/insilico_read_normalization/left.norm.fq
Tuesday, May 2, 2017: 13:44:19	CMD: /bigdata/bioinfo/pkgadmin/opt/linux/centos/7.x/x86_64/pkgs/trinity-rnaseq/2.4.0/util/insilico_read_normalization.pl --seqType fq --JM 50G  --max_cov 50 --CPU 16 --output /bigdata/littlab/shared/genetree/trinity_output_fabiana/insilico_read_normalization   --max_pct_stdev 10000  --SS_lib_type RF  --left flowcell608_lane1_pair1_ACAGTG.fastq.gz.PwU.qtrim.fq --right flowcell608_lane1_pair2_ACAGTG.fastq.gz.PwU.qtrim.fq --pairs_together --PARALLEL_STATS  
Converting input files. (both directions in parallel)CMD: seqtk-trinity seq -r -A /bigdata/littlab/shared/genetree/trinity_output_fabiana/flowcell608_lane1_pair1_ACAGTG.fastq.gz.PwU.qtrim.fq >> left.fa
CMD: seqtk-trinity seq -A /bigdata/littlab/shared/genetree/trinity_output_fabiana/flowcell608_lane1_pair2_ACAGTG.fastq.gz.PwU.qtrim.fq >> right.fa
CMD finished (12 seconds)
CMD finished (13 seconds)
CMD: touch left.fa.ok
CMD finished (0 seconds)
CMD: touch right.fa.ok
CMD finished (1 seconds)
Done converting input files.CMD: cat left.fa right.fa > both.fa
CMD finished (3 seconds)
CMD: touch both.fa.ok
-------------------------------------------
----------- Jellyfish  --------------------
-- (building a k-mer catalog from reads) --
-------------------------------------------

CMD finished (0 seconds)
CMD: /bigdata/bioinfo/pkgadmin/opt/linux/centos/7.x/x86_64/pkgs/trinity-rnaseq/2.4.0/util/..//trinity-plugins/jellyfish/bin/jellyfish count -t 16 -m 25 -s 100000000  both.fa
CMD finished (51 seconds)
CMD: /bigdata/bioinfo/pkgadmin/opt/linux/centos/7.x/x86_64/pkgs/trinity-rnaseq/2.4.0/util/..//trinity-plugins/jellyfish/bin/jellyfish histo -t 16 -o jellyfish.K25.min2.kmers.fa.histo mer_counts.jf
CMD finished (9 seconds)
CMD: /bigdata/bioinfo/pkgadmin/opt/linux/centos/7.x/x86_64/pkgs/trinity-rnaseq/2.4.0/util/..//trinity-plugins/jellyfish/bin/jellyfish dump -L 2 mer_counts.jf > jellyfish.K25.min2.kmers.fa
CMD finished (24 seconds)
CMD: touch jellyfish.K25.min2.kmers.fa.success
CMD finished (0 seconds)
CMD: /bigdata/bioinfo/pkgadmin/opt/linux/centos/7.x/x86_64/pkgs/trinity-rnaseq/2.4.0/util/..//Inchworm/bin/fastaToKmerCoverageStats --reads left.fa --kmers jellyfish.K25.min2.kmers.fa --kmer_size 25  --num_threads 16  > left.fa.K25.stats
CMD: /bigdata/bioinfo/pkgadmin/opt/linux/centos/7.x/x86_64/pkgs/trinity-rnaseq/2.4.0/util/..//Inchworm/bin/fastaToKmerCoverageStats --reads right.fa --kmers jellyfish.K25.min2.kmers.fa --kmer_size 25  --num_threads 16  > right.fa.K25.stats
-reading Kmer occurrences...-reading Kmer occurrences...


 done parsing 62869739 Kmers, 59913395 added, taking 77 seconds.
