Left read files: $VAR1 = [
          'reads1.fastq.gz',
          'reads3.fastq.gz'
        ];
Right read files: $VAR1 = [
          'reads2.fastq.gz',
          'reads4.fastq.gz'
        ];
Trinity version: Trinity-v2.4.0
-currently using the latest production release of Trinity.

Tuesday, May 9, 2017: 09:44:14	CMD: java -Xmx64m -XX:ParallelGCThreads=2 -jar /bigdata/bioinfo/pkgadmin/opt/linux/centos/7.x/x86_64/pkgs/trinity-rnaseq/2.4.0/util/support_scripts/ExitTester.jar 0
Tuesday, May 9, 2017: 09:44:14	CMD: java -Xmx64m -XX:ParallelGCThreads=2 -jar /bigdata/bioinfo/pkgadmin/opt/linux/centos/7.x/x86_64/pkgs/trinity-rnaseq/2.4.0/util/support_scripts/ExitTester.jar 1
Tuesday, May 9, 2017: 09:44:15	CMD: mkdir -p /rhome/arajewski/shared/genetree/trinity_output_cestrumdiurnum
Tuesday, May 9, 2017: 09:44:15	CMD: mkdir -p /rhome/arajewski/shared/genetree/trinity_output_cestrumdiurnum/chrysalis


----------------------------------------------------------------------------------
-------------- Trinity Phase 1: Clustering of RNA-Seq Reads  ---------------------
----------------------------------------------------------------------------------

---------------------------------------------------------------
------ Quality Trimming Via Trimmomatic  ---------------------
<< ILLUMINACLIP:/bigdata/bioinfo/pkgadmin/opt/linux/centos/7.x/x86_64/pkgs/trinity-rnaseq/2.4.0/trinity-plugins/Trimmomatic/adapters/TruSeq3-PE.fa:2:30:10 SLIDINGWINDOW:4:5 LEADING:5 TRAILING:5 MINLEN:25 >>
---------------------------------------------------------------


## Running Trimmomatic on read files: /bigdata/littlab/shared/genetree/analysis/reads1.fastq.gz, /bigdata/littlab/shared/genetree/analysis/reads2.fastq.gz
Tuesday, May 9, 2017: 09:44:15	CMD: java -jar /bigdata/bioinfo/pkgadmin/opt/linux/centos/7.x/x86_64/pkgs/trinity-rnaseq/2.4.0/trinity-plugins/Trimmomatic/trimmomatic.jar PE -threads 16 -phred33  /bigdata/littlab/shared/genetree/analysis/reads1.fastq.gz /bigdata/littlab/shared/genetree/analysis/reads2.fastq.gz  reads1.fastq.gz.P.qtrim reads1.fastq.gz.U.qtrim  reads2.fastq.gz.P.qtrim reads2.fastq.gz.U.qtrim  ILLUMINACLIP:/bigdata/bioinfo/pkgadmin/opt/linux/centos/7.x/x86_64/pkgs/trinity-rnaseq/2.4.0/trinity-plugins/Trimmomatic/adapters/TruSeq3-PE.fa:2:30:10 SLIDINGWINDOW:4:5 LEADING:5 TRAILING:5 MINLEN:25 
TrimmomaticPE: Started with arguments:
 -threads 16 -phred33 /bigdata/littlab/shared/genetree/analysis/reads1.fastq.gz /bigdata/littlab/shared/genetree/analysis/reads2.fastq.gz reads1.fastq.gz.P.qtrim reads1.fastq.gz.U.qtrim reads2.fastq.gz.P.qtrim reads2.fastq.gz.U.qtrim ILLUMINACLIP:/bigdata/bioinfo/pkgadmin/opt/linux/centos/7.x/x86_64/pkgs/trinity-rnaseq/2.4.0/trinity-plugins/Trimmomatic/adapters/TruSeq3-PE.fa:2:30:10 SLIDINGWINDOW:4:5 LEADING:5 TRAILING:5 MINLEN:25
Using PrefixPair: 'TACACTCTTTCCCTACACGACGCTCTTCCGATCT' and 'GTGACTGGAGTTCAGACGTGTGCTCTTCCGATCT'
ILLUMINACLIP: Using 1 prefix pairs, 0 forward/reverse sequences, 0 forward only sequences, 0 reverse only sequences
Input Read Pairs: 28528486 Both Surviving: 28184777 (98.80%) Forward Only Surviving: 70705 (0.25%) Reverse Only Surviving: 271176 (0.95%) Dropped: 1828 (0.01%)
TrimmomaticPE: Completed successfully
Tuesday, May 9, 2017: 09:45:34	CMD: cp reads1.fastq.gz.P.qtrim reads1.fastq.gz.PwU.qtrim.fq
Tuesday, May 9, 2017: 09:45:40	CMD: cp reads2.fastq.gz.P.qtrim reads2.fastq.gz.PwU.qtrim.fq
Tuesday, May 9, 2017: 09:45:52	CMD: touch trimmomatic.ok
Tuesday, May 9, 2017: 09:45:52	CMD: gzip reads1.fastq.gz.P.qtrim reads1.fastq.gz.U.qtrim reads2.fastq.gz.P.qtrim reads2.fastq.gz.U.qtrim &

## Running Trimmomatic on read files: /bigdata/littlab/shared/genetree/analysis/reads3.fastq.gz, /bigdata/littlab/shared/genetree/analysis/reads4.fastq.gz
Tuesday, May 9, 2017: 09:45:52	CMD: java -jar /bigdata/bioinfo/pkgadmin/opt/linux/centos/7.x/x86_64/pkgs/trinity-rnaseq/2.4.0/trinity-plugins/Trimmomatic/trimmomatic.jar PE -threads 16 -phred33  /bigdata/littlab/shared/genetree/analysis/reads3.fastq.gz /bigdata/littlab/shared/genetree/analysis/reads4.fastq.gz  reads3.fastq.gz.P.qtrim reads3.fastq.gz.U.qtrim  reads4.fastq.gz.P.qtrim reads4.fastq.gz.U.qtrim  ILLUMINACLIP:/bigdata/bioinfo/pkgadmin/opt/linux/centos/7.x/x86_64/pkgs/trinity-rnaseq/2.4.0/trinity-plugins/Trimmomatic/adapters/TruSeq3-PE.fa:2:30:10 SLIDINGWINDOW:4:5 LEADING:5 TRAILING:5 MINLEN:25 
TrimmomaticPE: Started with arguments:
 -threads 16 -phred33 /bigdata/littlab/shared/genetree/analysis/reads3.fastq.gz /bigdata/littlab/shared/genetree/analysis/reads4.fastq.gz reads3.fastq.gz.P.qtrim reads3.fastq.gz.U.qtrim reads4.fastq.gz.P.qtrim reads4.fastq.gz.U.qtrim ILLUMINACLIP:/bigdata/bioinfo/pkgadmin/opt/linux/centos/7.x/x86_64/pkgs/trinity-rnaseq/2.4.0/trinity-plugins/Trimmomatic/adapters/TruSeq3-PE.fa:2:30:10 SLIDINGWINDOW:4:5 LEADING:5 TRAILING:5 MINLEN:25
Using PrefixPair: 'TACACTCTTTCCCTACACGACGCTCTTCCGATCT' and 'GTGACTGGAGTTCAGACGTGTGCTCTTCCGATCT'
ILLUMINACLIP: Using 1 prefix pairs, 0 forward/reverse sequences, 0 forward only sequences, 0 reverse only sequences
Input Read Pairs: 27033122 Both Surviving: 26295470 (97.27%) Forward Only Surviving: 87132 (0.32%) Reverse Only Surviving: 640221 (2.37%) Dropped: 10299 (0.04%)
TrimmomaticPE: Completed successfully
Tuesday, May 9, 2017: 09:47:12	CMD: cp reads3.fastq.gz.P.qtrim reads3.fastq.gz.PwU.qtrim.fq
Tuesday, May 9, 2017: 09:47:24	CMD: cp reads4.fastq.gz.P.qtrim reads4.fastq.gz.PwU.qtrim.fq
Tuesday, May 9, 2017: 09:47:33	CMD: touch trimmomatic.ok
Tuesday, May 9, 2017: 09:47:33	CMD: gzip reads3.fastq.gz.P.qtrim reads3.fastq.gz.U.qtrim reads4.fastq.gz.P.qtrim reads4.fastq.gz.U.qtrim &
---------------------------------------------------------------
------------ In silico Read Normalization ---------------------
-- (Removing Excess Reads Beyond 50 Coverage --
---------------------------------------------------------------

# running normalization on reads: $VAR1 = [
          [
            'reads1.fastq.gz.PwU.qtrim.fq',
            'reads3.fastq.gz.PwU.qtrim.fq'
          ],
          [
            'reads2.fastq.gz.PwU.qtrim.fq',
            'reads4.fastq.gz.PwU.qtrim.fq'
          ]
        ];


Tuesday, May 9, 2017: 09:47:33	CMD: /bigdata/bioinfo/pkgadmin/opt/linux/centos/7.x/x86_64/pkgs/trinity-rnaseq/2.4.0/util/insilico_read_normalization.pl --seqType fq --JM 320G  --max_cov 50 --CPU 16 --output /bigdata/littlab/shared/genetree/trinity_output_cestrumdiurnum/insilico_read_normalization   --max_pct_stdev 10000  --SS_lib_type RF  --left reads1.fastq.gz.PwU.qtrim.fq,reads3.fastq.gz.PwU.qtrim.fq --right reads2.fastq.gz.PwU.qtrim.fq,reads4.fastq.gz.PwU.qtrim.fq --pairs_together --PARALLEL_STATS  
Converting input files. (both directions in parallel)CMD: seqtk-trinity seq -r -A /bigdata/littlab/shared/genetree/trinity_output_cestrumdiurnum/reads1.fastq.gz.PwU.qtrim.fq >> left.fa
CMD: seqtk-trinity seq -A /bigdata/littlab/shared/genetree/trinity_output_cestrumdiurnum/reads2.fastq.gz.PwU.qtrim.fq >> right.fa
CMD finished (22 seconds)
CMD: seqtk-trinity seq -A /bigdata/littlab/shared/genetree/trinity_output_cestrumdiurnum/reads4.fastq.gz.PwU.qtrim.fq >> right.fa
CMD finished (23 seconds)
CMD: seqtk-trinity seq -r -A /bigdata/littlab/shared/genetree/trinity_output_cestrumdiurnum/reads3.fastq.gz.PwU.qtrim.fq >> left.fa
CMD finished (16 seconds)
CMD finished (18 seconds)
CMD: touch left.fa.ok
CMD finished (0 seconds)
CMD: touch right.fa.ok
CMD finished (0 seconds)
Done converting input files.CMD: cat left.fa right.fa > both.fa
CMD finished (17 seconds)
CMD: touch both.fa.ok
-------------------------------------------
----------- Jellyfish  --------------------
-- (building a k-mer catalog from reads) --
-------------------------------------------

CMD finished (0 seconds)
CMD: /bigdata/bioinfo/pkgadmin/opt/linux/centos/7.x/x86_64/pkgs/trinity-rnaseq/2.4.0/util/..//trinity-plugins/jellyfish/bin/jellyfish count -t 16 -m 25 -s 47228791778  both.fa
