/var/spool/slurmd/job820485/slurm_script [18:19:58]: Input files successfully located.
/var/spool/slurmd/job820485/slurm_script [18:19:58]: Removing old symlinks, just to be safe.
/var/spool/slurmd/job820485/slurm_script [18:19:58]: Loading required packages
/var/spool/slurmd/job820485/slurm_script [18:19:58]: Trimming Single-end read files with Trimmomatic using 16 cores.
/var/spool/slurmd/job820485/slurm_script [18:19:58]: Creating symlinks to datafiles.
/var/spool/slurmd/job820485/slurm_script [18:19:58]: Running Trimmomatic.
TrimmomaticSE: Started with arguments:
 -threads 16 -phred33 SEreads.fastq.gz SEreadsTrimmed.fq.gz ILLUMINACLIP:/bigdata/bioinfo/pkgadmin/opt/linux/centos/7.x/x86_64/pkgs/trinity-rnaseq/2.4.0/trinity-plugins/Trimmomatic/adapters/TruSeq3-SE.fa:2:30:10 SLIDINGWINDOW:4:5 LEADING:5 TRAILING:5 MINLEN:25
Using Long Clipping Sequence: 'AGATCGGAAGAGCGTCGTGTAGGGAAAGAGTGTA'
Using Long Clipping Sequence: 'AGATCGGAAGAGCACACGTCTGAACTCCAGTCAC'
ILLUMINACLIP: Using 0 prefix pairs, 2 forward/reverse sequences, 0 forward only sequences, 0 reverse only sequences
Input Reads: 130276929 Surviving: 130035711 (99.81%) Dropped: 241218 (0.19%)
TrimmomaticSE: Completed successfully
/var/spool/slurmd/job820485/slurm_script [20:50:36]: Done.
/var/spool/slurmd/job820485/slurm_script [20:50:36]: Trimming paired-end read files with Trimmomatic using 16 cores.
/var/spool/slurmd/job820485/slurm_script [20:50:36]: Creating symlinks to datafiles.
/var/spool/slurmd/job820485/slurm_script [20:50:36]: Running Trimmomatic.
TrimmomaticPE: Started with arguments:
 -threads 16 -phred33 PEreads1.fastq.gz PEreads2.fastq.gz -baseout PEreadsTrimmed.fq.gz ILLUMINACLIP:/bigdata/bioinfo/pkgadmin/opt/linux/centos/7.x/x86_64/pkgs/trinity-rnaseq/2.4.0/trinity-plugins/Trimmomatic/adapters/TruSeq3-SE.fa:2:30:10 SLIDINGWINDOW:4:5 LEADING:5 TRAILING:5 MINLEN:25
Using templated Output files: PEreadsTrimmed_1P.fq.gz PEreadsTrimmed_1U.fq.gz PEreadsTrimmed_2P.fq.gz PEreadsTrimmed_2U.fq.gz
Using Long Clipping Sequence: 'AGATCGGAAGAGCGTCGTGTAGGGAAAGAGTGTA'
Using Long Clipping Sequence: 'AGATCGGAAGAGCACACGTCTGAACTCCAGTCAC'
ILLUMINACLIP: Using 0 prefix pairs, 2 forward/reverse sequences, 0 forward only sequences, 0 reverse only sequences
Input Read Pairs: 25133556 Both Surviving: 24814395 (98.73%) Forward Only Surviving: 27996 (0.11%) Reverse Only Surviving: 290196 (1.15%) Dropped: 969 (0.00%)
TrimmomaticPE: Completed successfully
/var/spool/slurmd/job820485/slurm_script [21:06:11]: Done.
/var/spool/slurmd/job820485/slurm_script [	]: Appending single-end reads into the paired-end file.
